<?xml version="1.0" encoding="UTF-8"?>
<testng-results skipped="0" failed="0" ignored="0" total="1" passed="1">
  <reporter-output>
  </reporter-output>
  <suite name="Default suite" duration-ms="46" started-at="2019-08-17T03:28:05Z" finished-at="2019-08-17T03:28:05Z">
    <groups>
    </groups>
    <test name="Default test" duration-ms="46" started-at="2019-08-17T03:28:05Z" finished-at="2019-08-17T03:28:05Z">
      <class name="practice_test1.TestNG_Prac">
        <test-method status="PASS" signature="beforeClass()[pri:0, instance:practice_test1.TestNG_Prac@735b5592]" name="beforeClass" is-config="true" duration-ms="12" started-at="2019-08-17T03:28:05Z" finished-at="2019-08-17T03:28:05Z">
          <reporter-output>
          </reporter-output>
        </test-method> <!-- beforeClass -->
        <test-method status="PASS" signature="beforeMethod()[pri:0, instance:practice_test1.TestNG_Prac@735b5592]" name="beforeMethod" is-config="true" duration-ms="0" started-at="2019-08-17T03:28:05Z" finished-at="2019-08-17T03:28:05Z">
          <reporter-output>
          </reporter-output>
        </test-method> <!-- beforeMethod -->
        <test-method status="PASS" signature="f()[pri:0, instance:practice_test1.TestNG_Prac@735b5592]" name="f" duration-ms="9" started-at="2019-08-17T03:28:05Z" finished-at="2019-08-17T03:28:05Z">
          <reporter-output>
          </reporter-output>
        </test-method> <!-- f -->
        <test-method status="PASS" signature="afterClass()[pri:0, instance:practice_test1.TestNG_Prac@735b5592]" name="afterClass" is-config="true" duration-ms="1" started-at="2019-08-17T03:28:05Z" finished-at="2019-08-17T03:28:05Z">
          <reporter-output>
          </reporter-output>
        </test-method> <!-- afterClass -->
        <test-method status="PASS" signature="afterMethod()[pri:0, instance:practice_test1.TestNG_Prac@735b5592]" name="afterMethod" is-config="true" duration-ms="0" started-at="2019-08-17T03:28:05Z" finished-at="2019-08-17T03:28:05Z">
          <reporter-output>
          </reporter-output>
        </test-method> <!-- afterMethod -->
      </class> <!-- practice_test1.TestNG_Prac -->
    </test> <!-- Default test -->
  </suite> <!-- Default suite -->
</testng-results>
